Determining if the pthread_create exist failed with the following output:
Change Dir: /home/derektan/Desktop/sensor_fusion_udacity/tutorials/lidar/SFND_Lidar_Obstacle_Detection/src/quiz/ransac/build/CMakeFiles/CMakeTmp

Run Build Command:"/usr/bin/make" "cmTC_dfa77/fast"
/usr/bin/make -f CMakeFiles/cmTC_dfa77.dir/build.make CMakeFiles/cmTC_dfa77.dir/build
make[1]: Entering directory '/home/derektan/Desktop/sensor_fusion_udacity/tutorials/lidar/SFND_Lidar_Obstacle_Detection/src/quiz/ransac/build/CMakeFiles/CMakeTmp'
Building C object CMakeFiles/cmTC_dfa77.dir/CheckSymbolExists.c.o
/usr/bin/cc    -o CMakeFiles/cmTC_dfa77.dir/CheckSymbolExists.c.o   -c /home/derektan/Desktop/sensor_fusion_udacity/tutorials/lidar/SFND_Lidar_Obstacle_Detection/src/quiz/ransac/build/CMakeFiles/CMakeTmp/CheckSymbolExists.c
Linking C executable cmTC_dfa77
/usr/bin/cmake -E cmake_link_script CMakeFiles/cmTC_dfa77.dir/link.txt --verbose=1
/usr/bin/cc      -rdynamic CMakeFiles/cmTC_dfa77.dir/CheckSymbolExists.c.o  -o cmTC_dfa77 
CMakeFiles/cmTC_dfa77.dir/CheckSymbolExists.c.o: In function `main':
CheckSymbolExists.c:(.text+0x1b): undefined reference to `pthread_create'
collect2: error: ld returned 1 exit status
CMakeFiles/cmTC_dfa77.dir/build.make:97: recipe for target 'cmTC_dfa77' failed
make[1]: *** [cmTC_dfa77] Error 1
make[1]: Leaving directory '/home/derektan/Desktop/sensor_fusion_udacity/tutorials/lidar/SFND_Lidar_Obstacle_Detection/src/quiz/ransac/build/CMakeFiles/CMakeTmp'
Makefile:126: recipe for target 'cmTC_dfa77/fast' failed
make: *** [cmTC_dfa77/fast] Error 2

File /home/derektan/Desktop/sensor_fusion_udacity/tutorials/lidar/SFND_Lidar_Obstacle_Detection/src/quiz/ransac/build/CMakeFiles/CMakeTmp/CheckSymbolExists.c:
/* */
#include <pthread.h>

int main(int argc, char** argv)
{
  (void)argv;
#ifndef pthread_create
  return ((int*)(&pthread_create))[argc];
#else
  (void)argc;
  return 0;
#endif
}

Determining if the function pthread_create exists in the pthreads failed with the following output:
Change Dir: /home/derektan/Desktop/sensor_fusion_udacity/tutorials/lidar/SFND_Lidar_Obstacle_Detection/src/quiz/ransac/build/CMakeFiles/CMakeTmp

Run Build Command:"/usr/bin/make" "cmTC_4b18c/fast"
/usr/bin/make -f CMakeFiles/cmTC_4b18c.dir/build.make CMakeFiles/cmTC_4b18c.dir/build
make[1]: Entering directory '/home/derektan/Desktop/sensor_fusion_udacity/tutorials/lidar/SFND_Lidar_Obstacle_Detection/src/quiz/ransac/build/CMakeFiles/CMakeTmp'
Building C object CMakeFiles/cmTC_4b18c.dir/CheckFunctionExists.c.o
/usr/bin/cc   -DCHECK_FUNCTION_EXISTS=pthread_create   -o CMakeFiles/cmTC_4b18c.dir/CheckFunctionExists.c.o   -c /usr/share/cmake-3.10/Modules/CheckFunctionExists.c
Linking C executable cmTC_4b18c
/usr/bin/cmake -E cmake_link_script CMakeFiles/cmTC_4b18c.dir/link.txt --verbose=1
/usr/bin/cc  -DCHECK_FUNCTION_EXISTS=pthread_create    -rdynamic CMakeFiles/cmTC_4b18c.dir/CheckFunctionExists.c.o  -o cmTC_4b18c -lpthreads 
/usr/bin/ld: cannot find -lpthreads
collect2: error: ld returned 1 exit status
CMakeFiles/cmTC_4b18c.dir/build.make:97: recipe for target 'cmTC_4b18c' failed
make[1]: *** [cmTC_4b18c] Error 1
make[1]: Leaving directory '/home/derektan/Desktop/sensor_fusion_udacity/tutorials/lidar/SFND_Lidar_Obstacle_Detection/src/quiz/ransac/build/CMakeFiles/CMakeTmp'
Makefile:126: recipe for target 'cmTC_4b18c/fast' failed
make: *** [cmTC_4b18c/fast] Error 2


